2024-05-30T11:43:40.191+0800	[31mERROR[0m	handler/handler.go:46	[handler]conn terminated, err: EOF
2024-05-30T11:43:40.192+0800	[33mWARN[0m	server/server.go:75	[server]server starting...
2024-05-30T11:43:43.076+0800	[31mERROR[0m	ants@v1.3.0/worker.go:71	[server]server closing...
2024-05-30T11:43:43.076+0800	[33mWARN[0m	ants@v1.3.0/worker.go:71	[server]server closing...
2024-05-30T11:49:29.921+0800	[31mERROR[0m	handler/handler.go:46	[handler]conn terminated, err: EOF
2024-05-30T11:49:29.922+0800	[33mWARN[0m	server/server.go:75	[server]server starting...
2024-05-30T11:49:31.047+0800	[31mERROR[0m	handler/handler.go:60	[handler]conn terminated, err: EOF
2024-05-30T11:49:42.402+0800	[31mERROR[0m	handler/handler.go:46	[handler]conn terminated, err: EOF
2024-05-30T11:49:42.403+0800	[33mWARN[0m	server/server.go:75	[server]server starting...
2024-05-30T11:49:45.326+0800	[31mERROR[0m	handler/handler.go:46	[handler]conn terminated, err: EOF
2024-05-30T11:49:46.491+0800	[31mERROR[0m	handler/handler.go:60	[handler]conn terminated, err: EOF
2024-05-30T11:50:00.286+0800	[31mERROR[0m	handler/handler.go:46	[handler]conn terminated, err: EOF
2024-05-30T11:50:02.412+0800	[31mERROR[0m	handler/handler.go:72	[handler]conn invalid request: -read tcp 127.0.0.1:6379->127.0.0.1:39938: read: connection reset by peer

2024-05-30T11:50:22.890+0800	[31mERROR[0m	ants@v1.3.0/worker.go:71	[server]server closing...
2024-05-30T11:50:22.891+0800	[33mWARN[0m	ants@v1.3.0/worker.go:71	[server]server closing...
2024-05-30T11:50:22.891+0800	[33mWARN[0m	handler/handler.go:60	[handler]handle ctx err: context canceled
2024-05-30T11:51:29.434+0800	[31mERROR[0m	handler/handler.go:46	[handler]conn terminated, err: EOF
2024-05-30T11:51:29.435+0800	[33mWARN[0m	server/server.go:75	[server]server starting...
2024-05-30T11:51:43.564+0800	[31mERROR[0m	handler/handler.go:46	[handler]conn terminated, err: EOF
2024-05-30T11:51:44.726+0800	[31mERROR[0m	handler/handler.go:60	[handler]conn terminated, err: EOF
2024-05-30T12:18:18.051+0800	[31mERROR[0m	handler/handler.go:60	[handler]conn terminated, err: EOF
2024-05-30T12:18:57.666+0800	[31mERROR[0m	handler/handler.go:60	[handler]conn terminated, err: EOF
2024-05-30T12:35:19.776+0800	[31mERROR[0m	handler/handler.go:60	[handler]conn terminated, err: EOF
2024-05-30T12:46:28.813+0800	[31mERROR[0m	handler/handler.go:60	[handler]conn terminated, err: EOF
2024-05-30T13:16:37.334+0800	[31mERROR[0m	handler/handler.go:60	[handler]conn terminated, err: EOF
2024-05-30T13:27:22.817+0800	[31mERROR[0m	handler/handler.go:60	[handler]conn terminated, err: EOF
2024-05-30T14:07:24.346+0800	[31mERROR[0m	handler/handler.go:60	[handler]conn terminated, err: EOF
2024-05-30T14:15:35.211+0800	[31mERROR[0m	handler/handler.go:60	[handler]conn terminated, err: EOF
2024-05-30T14:17:19.357+0800	[31mERROR[0m	handler/handler.go:60	[handler]conn terminated, err: EOF
2024-05-30T14:51:02.633+0800	[31mERROR[0m	handler/handler.go:60	[handler]conn terminated, err: EOF
2024-05-30T15:16:01.060+0800	[31mERROR[0m	handler/handler.go:60	[handler]conn terminated, err: EOF
2024-05-30T15:37:43.835+0800	[31mERROR[0m	handler/handler.go:46	[handler]conn terminated, err: EOF
2024-05-30T15:37:43.836+0800	[33mWARN[0m	server/server.go:75	[server]server starting...
2024-05-30T15:37:44.965+0800	[31mERROR[0m	handler/handler.go:60	[handler]conn terminated, err: EOF
2024-05-30T15:37:44.965+0800	[31mERROR[0m	ants@v1.3.0/worker.go:71	[server]server closing...
2024-05-30T15:38:31.400+0800	[31mERROR[0m	handler/handler.go:46	[handler]conn terminated, err: EOF
2024-05-30T15:38:31.401+0800	[33mWARN[0m	server/server.go:75	[server]server starting...
2024-05-30T15:38:32.511+0800	[31mERROR[0m	handler/handler.go:60	[handler]conn terminated, err: EOF
2024-05-30T15:38:32.512+0800	[31mERROR[0m	ants@v1.3.0/worker.go:71	[server]server closing...
2024-05-30T15:38:32.512+0800	[33mWARN[0m	ants@v1.3.0/worker.go:71	[server]server closing...
2024-05-30T15:38:38.435+0800	[31mERROR[0m	handler/handler.go:46	[handler]conn terminated, err: EOF
2024-05-30T15:38:38.436+0800	[33mWARN[0m	server/server.go:75	[server]server starting...
2024-05-30T15:38:40.563+0800	[31mERROR[0m	handler/handler.go:72	[handler]conn invalid request: -read tcp 127.0.0.1:6379->127.0.0.1:60650: read: connection reset by peer

2024-05-30T15:38:52.003+0800	[31mERROR[0m	handler/handler.go:46	[handler]conn terminated, err: EOF
2024-05-30T15:38:52.004+0800	[33mWARN[0m	server/server.go:75	[server]server starting...
2024-05-30T15:38:53.133+0800	[31mERROR[0m	handler/handler.go:60	[handler]conn terminated, err: EOF
2024-05-30T15:47:13.456+0800	[31mERROR[0m	ants@v1.3.0/worker.go:71	[server]server closing...
2024-05-30T15:47:13.456+0800	[33mWARN[0m	ants@v1.3.0/worker.go:71	[server]server closing...
2024-05-30T15:47:13.456+0800	[33mWARN[0m	handler/handler.go:60	[handler]handle ctx err: context canceled
2024-05-30T16:07:25.566+0800	[31mERROR[0m	handler/handler.go:46	[handler]conn terminated, err: EOF
2024-05-30T16:07:25.567+0800	[33mWARN[0m	server/server.go:75	[server]server starting...
2024-05-30T17:00:56.067+0800	[31mERROR[0m	handler/handler.go:46	[handler]conn terminated, err: EOF
2024-05-30T17:00:56.068+0800	[33mWARN[0m	server/server.go:75	[server]server starting...
2024-05-30T17:01:53.204+0800	[31mERROR[0m	handler/handler.go:46	[handler]conn terminated, err: EOF
2024-05-30T17:01:53.206+0800	[33mWARN[0m	server/server.go:75	[server]server starting...
2024-05-30T17:01:54.338+0800	[31mERROR[0m	handler/handler.go:60	[handler]conn terminated, err: EOF
2024-05-30T17:07:05.236+0800	[31mERROR[0m	handler/handler.go:46	[handler]conn terminated, err: EOF
2024-05-30T17:07:05.237+0800	[33mWARN[0m	server/server.go:75	[server]server starting...
2024-05-30T17:07:06.371+0800	[31mERROR[0m	handler/handler.go:60	[handler]conn terminated, err: EOF
2024-05-30T17:07:28.810+0800	[31mERROR[0m	handler/handler.go:46	[handler]conn terminated, err: EOF
2024-05-30T17:07:28.811+0800	[33mWARN[0m	server/server.go:75	[server]server starting...
2024-05-30T17:07:58.608+0800	[31mERROR[0m	handler/handler.go:46	[handler]conn terminated, err: EOF
2024-05-30T17:07:58.609+0800	[33mWARN[0m	server/server.go:75	[server]server starting...
2024-05-30T17:07:59.745+0800	[31mERROR[0m	handler/handler.go:72	[handler]conn request, err: read tcp 127.0.0.1:16379->127.0.0.1:49932: read: connection reset by peer
2024-05-30T17:08:18.086+0800	[31mERROR[0m	handler/handler.go:46	[handler]conn terminated, err: EOF
2024-05-30T17:08:18.087+0800	[33mWARN[0m	server/server.go:75	[server]server starting...
2024-05-30T17:08:22.250+0800	[31mERROR[0m	handler/handler.go:46	[handler]conn terminated, err: EOF
2024-05-30T17:08:22.250+0800	[33mWARN[0m	server/server.go:75	[server]server starting...
2024-05-30T17:08:23.397+0800	[31mERROR[0m	handler/handler.go:60	[handler]conn terminated, err: EOF
2024-05-30T17:08:23.397+0800	[31mERROR[0m	ants@v1.3.0/worker.go:71	[server]server closing...
2024-05-30T17:08:23.397+0800	[33mWARN[0m	ants@v1.3.0/worker.go:71	[server]server closing...
2024-05-30T17:08:28.021+0800	[31mERROR[0m	handler/handler.go:46	[handler]conn terminated, err: EOF
2024-05-30T17:08:28.022+0800	[33mWARN[0m	server/server.go:75	[server]server starting...
2024-05-30T17:08:29.168+0800	[31mERROR[0m	handler/handler.go:60	[handler]conn terminated, err: EOF
2024-05-30T17:13:02.362+0800	[31mERROR[0m	handler/handler.go:46	[handler]conn terminated, err: EOF
2024-05-30T17:13:02.363+0800	[33mWARN[0m	server/server.go:75	[server]server starting...
2024-05-30T17:13:07.380+0800	[31mERROR[0m	handler/handler.go:46	[handler]conn terminated, err: EOF
2024-05-30T17:13:07.381+0800	[33mWARN[0m	server/server.go:75	[server]server starting...
2024-05-30T17:13:08.537+0800	[31mERROR[0m	handler/handler.go:60	[handler]conn terminated, err: EOF
2024-05-30T17:32:46.653+0800	[31mERROR[0m	handler/handler.go:46	[handler]conn terminated, err: EOF
2024-05-30T17:32:46.654+0800	[33mWARN[0m	server/server.go:75	[server]server starting...
2024-05-30T17:32:47.778+0800	[31mERROR[0m	handler/handler.go:60	[handler]conn terminated, err: EOF
2024-05-30T17:32:47.778+0800	[31mERROR[0m	ants@v1.3.0/worker.go:71	[server]server closing...
2024-05-30T17:32:47.778+0800	[33mWARN[0m	ants@v1.3.0/worker.go:71	[server]server closing...
2024-05-31T09:55:35.710+0800	[31mERROR[0m	handler/handler.go:46	[handler]conn terminated, err: EOF
2024-05-31T09:55:35.723+0800	[33mWARN[0m	server/server.go:75	[server]server starting...
2024-05-31T09:55:36.827+0800	[31mERROR[0m	handler/handler.go:60	[handler]conn terminated, err: EOF
2024-05-31T09:55:36.827+0800	[31mERROR[0m	ants@v1.3.0/worker.go:71	[server]server closing...
2024-05-31T09:55:36.827+0800	[33mWARN[0m	ants@v1.3.0/worker.go:71	[server]server closing...
2024-05-31T09:55:55.340+0800	[31mERROR[0m	handler/handler.go:46	[handler]conn terminated, err: EOF
2024-05-31T09:55:55.340+0800	[33mWARN[0m	server/server.go:75	[server]server starting...
2024-05-31T09:55:55.428+0800	[31mERROR[0m	handler/handler.go:46	[handler]conn terminated, err: EOF
2024-05-31T11:48:24.856+0800	[31mERROR[0m	handler/handler.go:46	[handler]conn terminated, err: EOF
2024-05-31T11:48:24.857+0800	[33mWARN[0m	server/server.go:75	[server]server starting...
2024-05-31T11:48:28.934+0800	[31mERROR[0m	handler/handler.go:46	[handler]conn terminated, err: EOF
2024-05-31T11:48:28.936+0800	[33mWARN[0m	server/server.go:75	[server]server starting...
2024-05-31T11:48:30.053+0800	[31mERROR[0m	handler/handler.go:60	[handler]conn terminated, err: EOF
2024-05-31T11:48:48.992+0800	[31mERROR[0m	handler/handler.go:46	[handler]conn terminated, err: EOF
2024-05-31T11:48:48.993+0800	[33mWARN[0m	server/server.go:75	[server]server starting...
2024-05-31T11:56:58.687+0800	[31mERROR[0m	handler/handler.go:46	[handler]conn terminated, err: EOF
2024-05-31T11:56:58.688+0800	[33mWARN[0m	server/server.go:75	[server]server starting...
2024-05-31T11:56:59.810+0800	[31mERROR[0m	handler/handler.go:72	[handler]conn request, err: read tcp 127.0.0.1:16379->127.0.0.1:57988: read: connection reset by peer
2024-05-31T11:56:59.810+0800	[31mERROR[0m	ants@v1.3.0/worker.go:71	[server]server closing...
2024-05-31T11:56:59.810+0800	[33mWARN[0m	ants@v1.3.0/worker.go:71	[server]server closing...
2024-05-31T11:56:59.810+0800	[33mWARN[0m	handler/handler.go:60	[handler]handle ctx err: context canceled
2024-05-31T11:57:03.747+0800	[31mERROR[0m	handler/handler.go:46	[handler]conn terminated, err: EOF
2024-05-31T11:57:03.750+0800	[33mWARN[0m	server/server.go:75	[server]server starting...
2024-05-31T11:57:04.871+0800	[31mERROR[0m	handler/handler.go:60	[handler]conn terminated, err: EOF
2024-05-31T11:57:25.967+0800	[31mERROR[0m	handler/handler.go:46	[handler]conn terminated, err: EOF
2024-05-31T11:57:25.968+0800	[33mWARN[0m	server/server.go:75	[server]server starting...
2024-05-31T15:23:58.524+0800	[31mERROR[0m	handler/handler.go:46	[handler]conn terminated, err: EOF
2024-05-31T15:23:58.524+0800	[33mWARN[0m	server/server.go:75	[server]server starting...
2024-05-31T15:23:59.643+0800	[31mERROR[0m	handler/handler.go:60	[handler]conn terminated, err: EOF
2024-05-31T15:23:59.643+0800	[31mERROR[0m	ants@v1.3.0/worker.go:71	[server]server closing...
2024-05-31T15:23:59.643+0800	[33mWARN[0m	ants@v1.3.0/worker.go:71	[server]server closing...
2024-05-31T15:24:20.845+0800	[31mERROR[0m	handler/handler.go:46	[handler]conn terminated, err: EOF
2024-05-31T15:24:20.846+0800	[33mWARN[0m	server/server.go:75	[server]server starting...
2024-05-31T15:24:21.962+0800	[31mERROR[0m	handler/handler.go:60	[handler]conn terminated, err: EOF
2024-05-31T15:24:24.143+0800	[31mERROR[0m	handler/handler.go:46	[handler]conn terminated, err: EOF
2024-05-31T15:24:24.144+0800	[33mWARN[0m	server/server.go:75	[server]server starting...
2024-05-31T15:24:25.287+0800	[31mERROR[0m	handler/handler.go:60	[handler]conn terminated, err: EOF
2024-05-31T15:24:35.672+0800	[31mERROR[0m	handler/handler.go:46	[handler]conn terminated, err: EOF
2024-05-31T15:24:35.672+0800	[33mWARN[0m	server/server.go:75	[server]server starting...
2024-05-31T15:24:36.792+0800	[31mERROR[0m	handler/handler.go:60	[handler]conn terminated, err: EOF
2024-05-31T15:30:09.311+0800	[31mERROR[0m	handler/handler.go:46	[handler]conn terminated, err: EOF
2024-05-31T15:30:09.312+0800	[33mWARN[0m	server/server.go:75	[server]server starting...
2024-05-31T15:30:10.425+0800	[31mERROR[0m	handler/handler.go:60	[handler]conn terminated, err: EOF
2024-05-31T15:30:14.486+0800	[31mERROR[0m	handler/handler.go:46	[handler]conn terminated, err: EOF
2024-05-31T15:30:14.487+0800	[33mWARN[0m	server/server.go:75	[server]server starting...
2024-05-31T15:30:16.595+0800	[31mERROR[0m	handler/handler.go:60	[handler]conn terminated, err: EOF
2024-05-31T15:30:16.595+0800	[31mERROR[0m	ants@v1.3.0/worker.go:71	[server]server closing...
2024-05-31T15:30:16.595+0800	[33mWARN[0m	ants@v1.3.0/worker.go:71	[server]server closing...
